Arguments: 
  D:\Program Files\nodejs\node.exe C:\Users\encryptedtears\AppData\Roaming\npm\node_modules\yarn\bin\yarn.js add electron-builder --dev

PATH: 
  C:\ProgramData\Oracle\Java\javapath;D:\oraclexe\app\oracle\product\11.2.0\server\bin;;C:\Program Files (x86)\Common Files\Intel\Shared Libraries\redist\ia32\compiler;C:\Program Files (x86)\Common Files\Intel\Shared Libraries\redist\intel64\compiler;C:\Program Files (x86)\Embarcadero\Studio\19.0\bin;C:\Users\Public\Documents\Embarcadero\Studio\19.0\Bpl;C:\Program Files (x86)\Embarcadero\Studio\19.0\bin64;C:\Users\Public\Documents\Embarcadero\Studio\19.0\Bpl\Win64;C:\Windows\system32;C:\Windows;C:\Windows\System32\Wbem;C:\Windows\System32\WindowsPowerShell\v1.0\;C:\Windows\System32\OpenSSH\;C:\Program Files (x86)\NVIDIA Corporation\PhysX\Common;C:\Program Files\dotnet\;C:\Program Files\Microsoft SQL Server\130\Tools\Binn\;C:\Program Files\NVIDIA Corporation\NVIDIA NvDLISR;C:\WINDOWS\system32;C:\WINDOWS;C:\WINDOWS\System32\Wbem;C:\WINDOWS\System32\WindowsPowerShell\v1.0\;C:\WINDOWS\System32\OpenSSH\;C:\Program Files\PuTTY\;D:\Program Files\nodejs\;C:\Users\encryptedtears\AppData\Local\Microsoft\WindowsApps;C:\Users\encryptedtears\AppData\Local\Microsoft\WindowsApps;;D:\Programs\Microsoft VS Code\bin;C:\Users\encryptedtears\AppData\Roaming\npm

Yarn version: 
  1.22.4

Node version: 
  12.16.3

Platform: 
  win32 x64

Trace: 
  Error: UNKNOWN: unknown error, copyfile 'C:\Users\encryptedtears\AppData\Local\Yarn\Cache\v6\npm-app-builder-bin-3.5.8-4b96cf7d114171b20f32138082dc7cf20f16b85d-integrity\node_modules\app-builder-bin\win\ia32\app-builder copy.exe' -> 'D:\SESHstation\SESHstation\node_modules\app-builder-bin\win\ia32\app-builder copy.exe'

npm manifest: 
  {
    "name": "seshstation",
    "productName": "SESHstation",
    "description": "none",
    "license": "MIT",
    "keywords": [
      "BONES",
      "TeamSESH",
      "SESH",
      "SESHstation"
    ],
    "main": "main.js",
    "version": "0.0.1",
    "author": "Ismail Dalgatov",
    "scripts": {
      "start": "electron .",
      "pack": "electron-builder --dir",
      "dist": "electron-builder"
    },
    "dependencies": {
      "electron-packager": "^14.2.1"
    },
    "devDependencies": {
      "electron": "^8.2.5"
    },
    "build": {
      "appId": "com.seshstation.app",
      "productName": "SESHstation",
      "asar": true,
      "target": "NSIS",
      "mac": {
        "category": "music"
      },
      "nsis": {
        "allowToChangeInstallationDirectory": true,
        "oneClick": false
      }
    }
  }

yarn manifest: 
  No manifest

Lockfile: 
  No lockfile
